# JRE version: Java(TM) SE Runtime Environment (8.0_111-b14) (build 1.8.0_111-b14)
# Java VM: Java HotSpot(TM) 64-Bit Server VM (25.111-b14 mixed mode linux-amd64 compressed oops)
Heap:
 PSYoungGen      total 18432K, used 734K [0x00000000eb780000, 0x00000000ed980000, 0x0000000100000000)
  eden space 15872K, 4% used [0x00000000eb780000,0x00000000eb837848,0x00000000ec700000)
  from space 2560K, 0% used [0x00000000ec700000,0x00000000ec700000,0x00000000ec980000)
  to   space 5632K, 0% used [0x00000000ed400000,0x00000000ed400000,0x00000000ed980000)
 ParOldGen       total 30208K, used 7533K [0x00000000c2600000, 0x00000000c4380000, 0x00000000eb780000)
  object space 30208K, 24% used [0x00000000c2600000,0x00000000c2d5b600,0x00000000c4380000)
 Metaspace       used 20006K, capacity 21190K, committed 21296K, reserved 1067008K
  class space    used 2908K, capacity 3157K, committed 3200K, reserved 1048576K
GC Heap History (10 events):
Event: 0,597 GC heap before
{Heap before GC invocations=2 (full 0):
 PSYoungGen      total 18432K, used 18416K [0x00000000eb780000, 0x00000000ecc00000, 0x0000000100000000)
  eden space 15872K, 100% used [0x00000000eb780000,0x00000000ec700000,0x00000000ec700000)
  from space 2560K, 99% used [0x00000000ec700000,0x00000000ec97c040,0x00000000ec980000)
  to   space 2560K, 0% used [0x00000000ec980000,0x00000000ec980000,0x00000000ecc00000)
 ParOldGen       total 42496K, used 280K [0x00000000c2600000, 0x00000000c4f80000, 0x00000000eb780000)
  object space 42496K, 0% used [0x00000000c2600000,0x00000000c26463c8,0x00000000c4f80000)
 Metaspace       used 13591K, capacity 14056K, committed 14208K, reserved 1060864K
  class space    used 1979K, capacity 2116K, committed 2176K, reserved 1048576K
Event: 0,601 GC heap after
Heap after GC invocations=2 (full 0):
 PSYoungGen      total 18432K, used 2544K [0x00000000eb780000, 0x00000000edb80000, 0x0000000100000000)
  eden space 15872K, 0% used [0x00000000eb780000,0x00000000eb780000,0x00000000ec700000)
  from space 2560K, 99% used [0x00000000ec980000,0x00000000ecbfc040,0x00000000ecc00000)
  to   space 2560K, 0% used [0x00000000ec700000,0x00000000ec700000,0x00000000ec980000)
 ParOldGen       total 42496K, used 1510K [0x00000000c2600000, 0x00000000c4f80000, 0x00000000eb780000)
  object space 42496K, 3% used [0x00000000c2600000,0x00000000c2779858,0x00000000c4f80000)
 Metaspace       used 13591K, capacity 14056K, committed 14208K, reserved 1060864K
  class space    used 1979K, capacity 2116K, committed 2176K, reserved 1048576K
}
Event: 1,013 GC heap before
{Heap before GC invocations=3 (full 0):
 PSYoungGen      total 18432K, used 17458K [0x00000000eb780000, 0x00000000edb80000, 0x0000000100000000)
  eden space 15872K, 93% used [0x00000000eb780000,0x00000000ec610870,0x00000000ec700000)
  from space 2560K, 99% used [0x00000000ec980000,0x00000000ecbfc040,0x00000000ecc00000)
  to   space 2560K, 0% used [0x00000000ec700000,0x00000000ec700000,0x00000000ec980000)
 ParOldGen       total 42496K, used 1510K [0x00000000c2600000, 0x00000000c4f80000, 0x00000000eb780000)
  object space 42496K, 3% used [0x00000000c2600000,0x00000000c2779858,0x00000000c4f80000)
 Metaspace       used 18068K, capacity 19140K, committed 19456K, reserved 1064960K
  class space    used 2773K, capacity 2992K, committed 3072K, reserved 1048576K
Event: 1,017 GC heap after
Heap after GC invocations=3 (full 0):
 PSYoungGen      total 18432K, used 2528K [0x00000000eb780000, 0x00000000edb80000, 0x0000000100000000)
  eden space 15872K, 0% used [0x00000000eb780000,0x00000000eb780000,0x00000000ec700000)
  from space 2560K, 98% used [0x00000000ec700000,0x00000000ec978058,0x00000000ec980000)
  to   space 2560K, 0% used [0x00000000ed900000,0x00000000ed900000,0x00000000edb80000)
 ParOldGen       total 42496K, used 3796K [0x00000000c2600000, 0x00000000c4f80000, 0x00000000eb780000)
  object space 42496K, 8% used [0x00000000c2600000,0x00000000c29b52f8,0x00000000c4f80000)
 Metaspace       used 18068K, capacity 19140K, committed 19456K, reserved 1064960K
  class space    used 2773K, capacity 2992K, committed 3072K, reserved 1048576K
}
Event: 23,208 GC heap before
{Heap before GC invocations=4 (full 0):
 PSYoungGen      total 18432K, used 18400K [0x00000000eb780000, 0x00000000edb80000, 0x0000000100000000)
  eden space 15872K, 100% used [0x00000000eb780000,0x00000000ec700000,0x00000000ec700000)
  from space 2560K, 98% used [0x00000000ec700000,0x00000000ec978058,0x00000000ec980000)
  to   space 2560K, 0% used [0x00000000ed900000,0x00000000ed900000,0x00000000edb80000)
 ParOldGen       total 42496K, used 3796K [0x00000000c2600000, 0x00000000c4f80000, 0x00000000eb780000)
  object space 42496K, 8% used [0x00000000c2600000,0x00000000c29b52f8,0x00000000c4f80000)
 Metaspace       used 19971K, capacity 21126K, committed 21296K, reserved 1067008K
  class space    used 2908K, capacity 3157K, committed 3200K, reserved 1048576K
Event: 23,220 GC heap after
Heap after GC invocations=4 (full 0):
 PSYoungGen      total 18432K, used 2544K [0x00000000eb780000, 0x00000000edb80000, 0x0000000100000000)
  eden space 15872K, 0% used [0x00000000eb780000,0x00000000eb780000,0x00000000ec700000)
  from space 2560K, 99% used [0x00000000ed900000,0x00000000edb7c050,0x00000000edb80000)
  to   space 2560K, 0% used [0x00000000ec700000,0x00000000ec700000,0x00000000ec980000)
 ParOldGen       total 42496K, used 5387K [0x00000000c2600000, 0x00000000c4f80000, 0x00000000eb780000)
  object space 42496K, 12% used [0x00000000c2600000,0x00000000c2b42f00,0x00000000c4f80000)
 Metaspace       used 19971K, capacity 21126K, committed 21296K, reserved 1067008K
  class space    used 2908K, capacity 3157K, committed 3200K, reserved 1048576K
}
Event: 23,767 GC heap before
{Heap before GC invocations=5 (full 0):
 PSYoungGen      total 18432K, used 3054K [0x00000000eb780000, 0x00000000edb80000, 0x0000000100000000)
  eden space 15872K, 3% used [0x00000000eb780000,0x00000000eb7ff7e8,0x00000000ec700000)
  from space 2560K, 99% used [0x00000000ed900000,0x00000000edb7c050,0x00000000edb80000)
  to   space 2560K, 0% used [0x00000000ec700000,0x00000000ec700000,0x00000000ec980000)
 ParOldGen       total 42496K, used 5387K [0x00000000c2600000, 0x00000000c4f80000, 0x00000000eb780000)
  object space 42496K, 12% used [0x00000000c2600000,0x00000000c2b42f00,0x00000000c4f80000)
 Metaspace       used 20003K, capacity 21190K, committed 21296K, reserved 1067008K
  class space    used 2908K, capacity 3157K, committed 3200K, reserved 1048576K
Event: 23,776 GC heap after
Heap after GC invocations=5 (full 0):
 PSYoungGen      total 18432K, used 2528K [0x00000000eb780000, 0x00000000ed980000, 0x0000000100000000)
  eden space 15872K, 0% used [0x00000000eb780000,0x00000000eb780000,0x00000000ec700000)
  from space 2560K, 98% used [0x00000000ec700000,0x00000000ec978040,0x00000000ec980000)
  to   space 5632K, 0% used [0x00000000ed400000,0x00000000ed400000,0x00000000ed980000)
 ParOldGen       total 42496K, used 5427K [0x00000000c2600000, 0x00000000c4f80000, 0x00000000eb780000)
  object space 42496K, 12% used [0x00000000c2600000,0x00000000c2b4cf00,0x00000000c4f80000)
 Metaspace       used 20003K, capacity 21190K, committed 21296K, reserved 1067008K
  class space    used 2908K, capacity 3157K, committed 3200K, reserved 1048576K
}
Event: 23,776 GC heap before
{Heap before GC invocations=6 (full 1):
 PSYoungGen      total 18432K, used 2528K [0x00000000eb780000, 0x00000000ed980000, 0x0000000100000000)
  eden space 15872K, 0% used [0x00000000eb780000,0x00000000eb780000,0x00000000ec700000)
  from space 2560K, 98% used [0x00000000ec700000,0x00000000ec978040,0x00000000ec980000)
  to   space 5632K, 0% used [0x00000000ed400000,0x00000000ed400000,0x00000000ed980000)
 ParOldGen       total 42496K, used 5427K [0x00000000c2600000, 0x00000000c4f80000, 0x00000000eb780000)
  object space 42496K, 12% used [0x00000000c2600000,0x00000000c2b4cf00,0x00000000c4f80000)
 Metaspace       used 20003K, capacity 21190K, committed 21296K, reserved 1067008K
  class space    used 2908K, capacity 3157K, committed 3200K, reserved 1048576K
Event: 23,839 GC heap after
Heap after GC invocations=6 (full 1):
 PSYoungGen      total 18432K, used 0K [0x00000000eb780000, 0x00000000ed980000, 0x0000000100000000)
  eden space 15872K, 0% used [0x00000000eb780000,0x00000000eb780000,0x00000000ec700000)
  from space 2560K, 0% used [0x00000000ec700000,0x00000000ec700000,0x00000000ec980000)
  to   space 5632K, 0% used [0x00000000ed400000,0x00000000ed400000,0x00000000ed980000)
 ParOldGen       total 30208K, used 7533K [0x00000000c2600000, 0x00000000c4380000, 0x00000000eb780000)
  object space 30208K, 24% used [0x00000000c2600000,0x00000000c2d5b600,0x00000000c4380000)
 Metaspace       used 20003K, capacity 21190K, committed 21296K, reserved 1067008K
  class space    used 2908K, capacity 3157K, committed 3200K, reserved 1048576K
}

