# JRE version: Java(TM) SE Runtime Environment (8.0_111-b14) (build 1.8.0_111-b14)
# Java VM: Java HotSpot(TM) 64-Bit Server VM (25.111-b14 mixed mode linux-amd64 compressed oops)
Heap:
 PSYoungGen      total 18432K, used 790K [0x00000000eb780000, 0x00000000ed980000, 0x0000000100000000)
  eden space 15872K, 4% used [0x00000000eb780000,0x00000000eb8459c0,0x00000000ec700000)
  from space 2560K, 0% used [0x00000000ec700000,0x00000000ec700000,0x00000000ec980000)
  to   space 7168K, 0% used [0x00000000ed280000,0x00000000ed280000,0x00000000ed980000)
 ParOldGen       total 36864K, used 10191K [0x00000000c2600000, 0x00000000c4a00000, 0x00000000eb780000)
  object space 36864K, 27% used [0x00000000c2600000,0x00000000c2ff3f88,0x00000000c4a00000)
 Metaspace       used 20152K, capacity 21460K, committed 21680K, reserved 1067008K
  class space    used 2951K, capacity 3206K, committed 3328K, reserved 1048576K
GC Heap History (10 events):
Event: 0,578 GC heap before
{Heap before GC invocations=2 (full 0):
 PSYoungGen      total 18432K, used 18416K [0x00000000eb780000, 0x00000000ecc00000, 0x0000000100000000)
  eden space 15872K, 100% used [0x00000000eb780000,0x00000000ec700000,0x00000000ec700000)
  from space 2560K, 99% used [0x00000000ec700000,0x00000000ec97c040,0x00000000ec980000)
  to   space 2560K, 0% used [0x00000000ec980000,0x00000000ec980000,0x00000000ecc00000)
 ParOldGen       total 42496K, used 248K [0x00000000c2600000, 0x00000000c4f80000, 0x00000000eb780000)
  object space 42496K, 0% used [0x00000000c2600000,0x00000000c263e000,0x00000000c4f80000)
 Metaspace       used 13495K, capacity 13976K, committed 14208K, reserved 1060864K
  class space    used 1960K, capacity 2088K, committed 2176K, reserved 1048576K
Event: 0,582 GC heap after
Heap after GC invocations=2 (full 0):
 PSYoungGen      total 18432K, used 2544K [0x00000000eb780000, 0x00000000edb80000, 0x0000000100000000)
  eden space 15872K, 0% used [0x00000000eb780000,0x00000000eb780000,0x00000000ec700000)
  from space 2560K, 99% used [0x00000000ec980000,0x00000000ecbfc060,0x00000000ecc00000)
  to   space 2560K, 0% used [0x00000000ec700000,0x00000000ec700000,0x00000000ec980000)
 ParOldGen       total 42496K, used 1516K [0x00000000c2600000, 0x00000000c4f80000, 0x00000000eb780000)
  object space 42496K, 3% used [0x00000000c2600000,0x00000000c277b058,0x00000000c4f80000)
 Metaspace       used 13495K, capacity 13976K, committed 14208K, reserved 1060864K
  class space    used 1960K, capacity 2088K, committed 2176K, reserved 1048576K
}
Event: 1,501 GC heap before
{Heap before GC invocations=3 (full 0):
 PSYoungGen      total 18432K, used 18416K [0x00000000eb780000, 0x00000000edb80000, 0x0000000100000000)
  eden space 15872K, 100% used [0x00000000eb780000,0x00000000ec700000,0x00000000ec700000)
  from space 2560K, 99% used [0x00000000ec980000,0x00000000ecbfc060,0x00000000ecc00000)
  to   space 2560K, 0% used [0x00000000ec700000,0x00000000ec700000,0x00000000ec980000)
 ParOldGen       total 42496K, used 1516K [0x00000000c2600000, 0x00000000c4f80000, 0x00000000eb780000)
  object space 42496K, 3% used [0x00000000c2600000,0x00000000c277b058,0x00000000c4f80000)
 Metaspace       used 18150K, capacity 19248K, committed 19456K, reserved 1064960K
  class space    used 2771K, capacity 2990K, committed 3072K, reserved 1048576K
Event: 1,508 GC heap after
Heap after GC invocations=3 (full 0):
 PSYoungGen      total 18432K, used 2528K [0x00000000eb780000, 0x00000000edb80000, 0x0000000100000000)
  eden space 15872K, 0% used [0x00000000eb780000,0x00000000eb780000,0x00000000ec700000)
  from space 2560K, 98% used [0x00000000ec700000,0x00000000ec978058,0x00000000ec980000)
  to   space 2560K, 0% used [0x00000000ed900000,0x00000000ed900000,0x00000000edb80000)
 ParOldGen       total 42496K, used 4758K [0x00000000c2600000, 0x00000000c4f80000, 0x00000000eb780000)
  object space 42496K, 11% used [0x00000000c2600000,0x00000000c2aa5af8,0x00000000c4f80000)
 Metaspace       used 18150K, capacity 19248K, committed 19456K, reserved 1064960K
  class space    used 2771K, capacity 2990K, committed 3072K, reserved 1048576K
}
Event: 17,391 GC heap before
{Heap before GC invocations=4 (full 0):
 PSYoungGen      total 18432K, used 18400K [0x00000000eb780000, 0x00000000edb80000, 0x0000000100000000)
  eden space 15872K, 100% used [0x00000000eb780000,0x00000000ec700000,0x00000000ec700000)
  from space 2560K, 98% used [0x00000000ec700000,0x00000000ec978058,0x00000000ec980000)
  to   space 2560K, 0% used [0x00000000ed900000,0x00000000ed900000,0x00000000edb80000)
 ParOldGen       total 42496K, used 4758K [0x00000000c2600000, 0x00000000c4f80000, 0x00000000eb780000)
  object space 42496K, 11% used [0x00000000c2600000,0x00000000c2aa5af8,0x00000000c4f80000)
 Metaspace       used 19723K, capacity 20966K, committed 21120K, reserved 1067008K
  class space    used 2900K, capacity 3131K, committed 3200K, reserved 1048576K
Event: 17,399 GC heap after
Heap after GC invocations=4 (full 0):
 PSYoungGen      total 18432K, used 2544K [0x00000000eb780000, 0x00000000edb80000, 0x0000000100000000)
  eden space 15872K, 0% used [0x00000000eb780000,0x00000000eb780000,0x00000000ec700000)
  from space 2560K, 99% used [0x00000000ed900000,0x00000000edb7c030,0x00000000edb80000)
  to   space 2560K, 0% used [0x00000000ec700000,0x00000000ec700000,0x00000000ec980000)
 ParOldGen       total 42496K, used 8062K [0x00000000c2600000, 0x00000000c4f80000, 0x00000000eb780000)
  object space 42496K, 18% used [0x00000000c2600000,0x00000000c2ddfb10,0x00000000c4f80000)
 Metaspace       used 19723K, capacity 20966K, committed 21120K, reserved 1067008K
  class space    used 2900K, capacity 3131K, committed 3200K, reserved 1048576K
}
Event: 25,467 GC heap before
{Heap before GC invocations=5 (full 0):
 PSYoungGen      total 18432K, used 3711K [0x00000000eb780000, 0x00000000edb80000, 0x0000000100000000)
  eden space 15872K, 7% used [0x00000000eb780000,0x00000000eb8a3c30,0x00000000ec700000)
  from space 2560K, 99% used [0x00000000ed900000,0x00000000edb7c030,0x00000000edb80000)
  to   space 2560K, 0% used [0x00000000ec700000,0x00000000ec700000,0x00000000ec980000)
 ParOldGen       total 42496K, used 8062K [0x00000000c2600000, 0x00000000c4f80000, 0x00000000eb780000)
  object space 42496K, 18% used [0x00000000c2600000,0x00000000c2ddfb10,0x00000000c4f80000)
 Metaspace       used 20011K, capacity 21230K, committed 21296K, reserved 1067008K
  class space    used 2932K, capacity 3173K, committed 3200K, reserved 1048576K
Event: 25,478 GC heap after
Heap after GC invocations=5 (full 0):
 PSYoungGen      total 18432K, used 2544K [0x00000000eb780000, 0x00000000ed980000, 0x0000000100000000)
  eden space 15872K, 0% used [0x00000000eb780000,0x00000000eb780000,0x00000000ec700000)
  from space 2560K, 99% used [0x00000000ec700000,0x00000000ec97c030,0x00000000ec980000)
  to   space 7168K, 0% used [0x00000000ed280000,0x00000000ed280000,0x00000000ed980000)
 ParOldGen       total 42496K, used 8222K [0x00000000c2600000, 0x00000000c4f80000, 0x00000000eb780000)
  object space 42496K, 19% used [0x00000000c2600000,0x00000000c2e07b10,0x00000000c4f80000)
 Metaspace       used 20011K, capacity 21230K, committed 21296K, reserved 1067008K
  class space    used 2932K, capacity 3173K, committed 3200K, reserved 1048576K
}
Event: 25,478 GC heap before
{Heap before GC invocations=6 (full 1):
 PSYoungGen      total 18432K, used 2544K [0x00000000eb780000, 0x00000000ed980000, 0x0000000100000000)
  eden space 15872K, 0% used [0x00000000eb780000,0x00000000eb780000,0x00000000ec700000)
  from space 2560K, 99% used [0x00000000ec700000,0x00000000ec97c030,0x00000000ec980000)
  to   space 7168K, 0% used [0x00000000ed280000,0x00000000ed280000,0x00000000ed980000)
 ParOldGen       total 42496K, used 8222K [0x00000000c2600000, 0x00000000c4f80000, 0x00000000eb780000)
  object space 42496K, 19% used [0x00000000c2600000,0x00000000c2e07b10,0x00000000c4f80000)
 Metaspace       used 20011K, capacity 21230K, committed 21296K, reserved 1067008K
  class space    used 2932K, capacity 3173K, committed 3200K, reserved 1048576K
Event: 25,578 GC heap after
Heap after GC invocations=6 (full 1):
 PSYoungGen      total 18432K, used 0K [0x00000000eb780000, 0x00000000ed980000, 0x0000000100000000)
  eden space 15872K, 0% used [0x00000000eb780000,0x00000000eb780000,0x00000000ec700000)
  from space 2560K, 0% used [0x00000000ec700000,0x00000000ec700000,0x00000000ec980000)
  to   space 7168K, 0% used [0x00000000ed280000,0x00000000ed280000,0x00000000ed980000)
 ParOldGen       total 36864K, used 10191K [0x00000000c2600000, 0x00000000c4a00000, 0x00000000eb780000)
  object space 36864K, 27% used [0x00000000c2600000,0x00000000c2ff3f88,0x00000000c4a00000)
 Metaspace       used 20011K, capacity 21230K, committed 21296K, reserved 1067008K
  class space    used 2932K, capacity 3173K, committed 3200K, reserved 1048576K
}

